This file contains any messages produced by compilers while
running configure, to aid debugging if configure makes a mistake.

It was created by realmd configure 0.17.1, which was
generated by GNU Autoconf 2.71.  Invocation command line was

  $ ./configure --build=x86_64-linux-gnu --prefix=/usr '--includedir=${prefix}/include' '--mandir=${prefix}/share/man' '--infodir=${prefix}/share/info' --sysconfdir=/etc --localstatedir=/var --disable-option-checking --disable-silent-rules '--libdir=${prefix}/lib/x86_64-linux-gnu' --runstatedir=/run --disable-maintainer-mode --disable-dependency-tracking

## --------- ##
## Platform. ##
## --------- ##

hostname = ryanZzz-PC
uname -m = x86_64
uname -r = 6.1.11-amd64-desktop-hwe
uname -s = Linux
uname -v = #23.01.00.14 SMP PREEMPT_DYNAMIC Fri May 12 14:47:29 CST 2023

/usr/bin/uname -p = unknown
/bin/uname -X     = unknown

/bin/arch              = x86_64
/usr/bin/arch -k       = unknown
/usr/convex/getsysinfo = unknown
/usr/bin/hostinfo      = unknown
/bin/machine           = unknown
/usr/bin/oslevel       = unknown
/bin/universe          = unknown

PATH: /usr/sbin/
PATH: /usr/bin/
PATH: /sbin/
PATH: /bin/
PATH: /usr/bin/X11/


## ----------- ##
## Core tests. ##
## ----------- ##

configure:2460: looking for aux files: config.guess config.sub config.rpath compile missing install-sh
configure:2473:  trying ./build/
configure:2502:   ./build/config.guess found
configure:2502:   ./build/config.sub found
configure:2502:   ./build/config.rpath found
configure:2502:   ./build/compile found
configure:2502:   ./build/missing found
configure:2484:   ./build/install-sh found
configure:2643: checking for a BSD-compatible install
configure:2716: result: /usr/bin/install -c
configure:2727: checking whether build environment is sane
configure:2782: result: yes
configure:2941: checking for a race-free mkdir -p
configure:2985: result: /usr/bin/mkdir -p
configure:2992: checking for gawk
configure:3013: found /usr/bin/gawk
configure:3024: result: gawk
configure:3035: checking whether make sets $(MAKE)
configure:3058: result: yes
configure:3088: checking whether make supports nested variables
configure:3106: result: yes
configure:3191: checking whether UID '0' is supported by ustar format
configure:3194: result: yes
configure:3201: checking whether GID '0' is supported by ustar format
configure:3204: result: yes
configure:3212: checking how to create a ustar tar archive
configure:3223: tar --version
tar (GNU tar) 1.34
Copyright (C) 2021 Free Software Foundation, Inc.
License GPLv3+: GNU GPL version 3 or later <https://gnu.org/licenses/gpl.html>.
This is free software: you are free to change and redistribute it.
There is NO WARRANTY, to the extent permitted by law.

Written by John Gilmore and Jay Fenlason.
configure:3226: $? = 0
configure:3266: tardir=conftest.dir && eval tar --format=ustar -chf - "$tardir" >conftest.tar
configure:3269: $? = 0
configure:3273: tar -xf - <conftest.tar
configure:3276: $? = 0
configure:3278: cat conftest.dir/file
GrepMe
configure:3281: $? = 0
configure:3295: result: gnutar
configure:3359: checking whether build environment is sane
configure:3414: result: yes
configure:3441: checking whether make supports nested variables
configure:3459: result: yes
configure:3471: checking whether to enable maintainer-specific portions of Makefiles
configure:3481: result: no
configure:3509: checking for /etc/redhat-release
configure:3523: result: no
configure:3530: checking for /etc/debian_version
configure:3544: result: yes
configure:3551: checking for /etc/SuSE-release
configure:3565: result: no
configure:3618: checking whether make supports the include directive
configure:3633: make -f confmf.GNU && cat confinc.out
make[1]: Entering directory '/home/ryanZzz/SRC/realmd-0.17.1'
make[1]: Leaving directory '/home/ryanZzz/SRC/realmd-0.17.1'
this is the am__doit target
configure:3636: $? = 0
configure:3655: result: yes (GNU style)
configure:3731: checking for gcc
configure:3752: found /usr/bin/gcc
configure:3763: result: gcc
configure:4116: checking for C compiler version
configure:4125: gcc --version >&5
gcc (Deepin 11.2.0-deepin2+rb2) 11.2.0
Copyright (C) 2021 Free Software Foundation, Inc.
This is free software; see the source for copying conditions.  There is NO
warranty; not even for MERCHANTABILITY or FITNESS FOR A PARTICULAR PURPOSE.

configure:4136: $? = 0
configure:4125: gcc -v >&5
Using built-in specs.
COLLECT_GCC=gcc
COLLECT_LTO_WRAPPER=/usr/lib/gcc/x86_64-linux-gnu/11/lto-wrapper
OFFLOAD_TARGET_NAMES=nvptx-none:amdgcn-amdhsa
OFFLOAD_TARGET_DEFAULT=1
Target: x86_64-linux-gnu
Configured with: ../src/configure -v --with-pkgversion='Deepin 11.2.0-deepin2+rb2' --with-bugurl=file:///usr/share/doc/gcc-11/README.Bugs --enable-languages=c,ada,c++,go,brig,d,fortran,objc,obj-c++,m2 --prefix=/usr --with-gcc-major-version-only --program-suffix=-11 --program-prefix=x86_64-linux-gnu- --enable-shared --enable-linker-build-id --libexecdir=/usr/lib --without-included-gettext --enable-threads=posix --libdir=/usr/lib --enable-nls --enable-bootstrap --enable-clocale=gnu --enable-libstdcxx-debug --enable-libstdcxx-time=yes --with-default-libstdcxx-abi=new --enable-gnu-unique-object --disable-vtable-verify --enable-plugin --enable-default-pie --with-system-zlib --enable-libphobos-checking=release --with-target-system-zlib=auto --enable-objc-gc=auto --enable-multiarch --disable-werror --enable-cet --with-arch-32=i686 --with-abi=m64 --with-multilib-list=m32,m64,mx32 --enable-multilib --with-tune=generic --enable-offload-targets=nvptx-none=/usr/src/packages/BUILD/debian/tmp-nvptx/usr,amdgcn-amdhsa=/usr/src/packages/BUILD/debian/tmp-gcn/usr --without-cuda-driver --enable-checking=release --build=x86_64-linux-gnu --host=x86_64-linux-gnu --target=x86_64-linux-gnu --with-build-config=bootstrap-lto-lean --enable-link-serialization=16
Thread model: posix
Supported LTO compression algorithms: zlib zstd
gcc version 11.2.0 (Deepin 11.2.0-deepin2+rb2) 
... rest of stderr output deleted ...
configure:4136: $? = 0
configure:4125: gcc -V >&5
gcc: error: unrecognized command-line option '-V'
gcc: fatal error: no input files
compilation terminated.
configure:4136: $? = 1
configure:4125: gcc -qversion >&5
gcc: error: unrecognized command-line option '-qversion'; did you mean '--version'?
gcc: fatal error: no input files
compilation terminated.
configure:4136: $? = 1
configure:4125: gcc -version >&5
gcc: error: unrecognized command-line option '-version'
gcc: fatal error: no input files
compilation terminated.
configure:4136: $? = 1
configure:4156: checking whether the C compiler works
configure:4178: gcc -g -O2 -ffile-prefix-map=/home/ryanZzz/SRC/realmd-0.17.1=. -fstack-protector-strong -Wformat -Werror=format-security -Wdate-time -D_FORTIFY_SOURCE=2 -Wl,-z,relro conftest.c  >&5
configure:4182: $? = 0
configure:4232: result: yes
configure:4235: checking for C compiler default output file name
configure:4237: result: a.out
configure:4243: checking for suffix of executables
configure:4250: gcc -o conftest -g -O2 -ffile-prefix-map=/home/ryanZzz/SRC/realmd-0.17.1=. -fstack-protector-strong -Wformat -Werror=format-security -Wdate-time -D_FORTIFY_SOURCE=2 -Wl,-z,relro conftest.c  >&5
configure:4254: $? = 0
configure:4277: result: 
configure:4299: checking whether we are cross compiling
configure:4307: gcc -o conftest -g -O2 -ffile-prefix-map=/home/ryanZzz/SRC/realmd-0.17.1=. -fstack-protector-strong -Wformat -Werror=format-security -Wdate-time -D_FORTIFY_SOURCE=2 -Wl,-z,relro conftest.c  >&5
configure:4311: $? = 0
configure:4318: ./conftest
configure:4322: $? = 0
configure:4337: result: no
configure:4342: checking for suffix of object files
configure:4365: gcc -c -g -O2 -ffile-prefix-map=/home/ryanZzz/SRC/realmd-0.17.1=. -fstack-protector-strong -Wformat -Werror=format-security -Wdate-time -D_FORTIFY_SOURCE=2 conftest.c >&5
configure:4369: $? = 0
configure:4391: result: o
configure:4395: checking whether the compiler supports GNU C
configure:4415: gcc -c -g -O2 -ffile-prefix-map=/home/ryanZzz/SRC/realmd-0.17.1=. -fstack-protector-strong -Wformat -Werror=format-security -Wdate-time -D_FORTIFY_SOURCE=2 conftest.c >&5
configure:4415: $? = 0
configure:4425: result: yes
configure:4436: checking whether gcc accepts -g
configure:4457: gcc -c -g -Wdate-time -D_FORTIFY_SOURCE=2 conftest.c >&5
configure:4457: $? = 0
configure:4501: result: yes
configure:4521: checking for gcc option to enable C11 features
configure:4536: gcc  -c -g -O2 -ffile-prefix-map=/home/ryanZzz/SRC/realmd-0.17.1=. -fstack-protector-strong -Wformat -Werror=format-security -Wdate-time -D_FORTIFY_SOURCE=2 conftest.c >&5
configure:4536: $? = 0
configure:4554: result: none needed
configure:4670: checking whether gcc understands -c and -o together
configure:4693: gcc -c conftest.c -o conftest2.o
configure:4696: $? = 0
configure:4693: gcc -c conftest.c -o conftest2.o
configure:4696: $? = 0
configure:4708: result: yes
configure:4727: checking dependency style of gcc
configure:4839: result: none
configure:4859: checking for stdio.h
configure:4859: gcc -c -g -O2 -ffile-prefix-map=/home/ryanZzz/SRC/realmd-0.17.1=. -fstack-protector-strong -Wformat -Werror=format-security -Wdate-time -D_FORTIFY_SOURCE=2 conftest.c >&5
configure:4859: $? = 0
configure:4859: result: yes
configure:4859: checking for stdlib.h
configure:4859: gcc -c -g -O2 -ffile-prefix-map=/home/ryanZzz/SRC/realmd-0.17.1=. -fstack-protector-strong -Wformat -Werror=format-security -Wdate-time -D_FORTIFY_SOURCE=2 conftest.c >&5
configure:4859: $? = 0
configure:4859: result: yes
configure:4859: checking for string.h
configure:4859: gcc -c -g -O2 -ffile-prefix-map=/home/ryanZzz/SRC/realmd-0.17.1=. -fstack-protector-strong -Wformat -Werror=format-security -Wdate-time -D_FORTIFY_SOURCE=2 conftest.c >&5
configure:4859: $? = 0
configure:4859: result: yes
configure:4859: checking for inttypes.h
configure:4859: gcc -c -g -O2 -ffile-prefix-map=/home/ryanZzz/SRC/realmd-0.17.1=. -fstack-protector-strong -Wformat -Werror=format-security -Wdate-time -D_FORTIFY_SOURCE=2 conftest.c >&5
configure:4859: $? = 0
configure:4859: result: yes
configure:4859: checking for stdint.h
configure:4859: gcc -c -g -O2 -ffile-prefix-map=/home/ryanZzz/SRC/realmd-0.17.1=. -fstack-protector-strong -Wformat -Werror=format-security -Wdate-time -D_FORTIFY_SOURCE=2 conftest.c >&5
configure:4859: $? = 0
configure:4859: result: yes
configure:4859: checking for strings.h
configure:4859: gcc -c -g -O2 -ffile-prefix-map=/home/ryanZzz/SRC/realmd-0.17.1=. -fstack-protector-strong -Wformat -Werror=format-security -Wdate-time -D_FORTIFY_SOURCE=2 conftest.c >&5
configure:4859: $? = 0
configure:4859: result: yes
configure:4859: checking for sys/stat.h
configure:4859: gcc -c -g -O2 -ffile-prefix-map=/home/ryanZzz/SRC/realmd-0.17.1=. -fstack-protector-strong -Wformat -Werror=format-security -Wdate-time -D_FORTIFY_SOURCE=2 conftest.c >&5
configure:4859: $? = 0
configure:4859: result: yes
configure:4859: checking for sys/types.h
configure:4859: gcc -c -g -O2 -ffile-prefix-map=/home/ryanZzz/SRC/realmd-0.17.1=. -fstack-protector-strong -Wformat -Werror=format-security -Wdate-time -D_FORTIFY_SOURCE=2 conftest.c >&5
configure:4859: $? = 0
configure:4859: result: yes
configure:4859: checking for unistd.h
configure:4859: gcc -c -g -O2 -ffile-prefix-map=/home/ryanZzz/SRC/realmd-0.17.1=. -fstack-protector-strong -Wformat -Werror=format-security -Wdate-time -D_FORTIFY_SOURCE=2 conftest.c >&5
configure:4859: $? = 0
configure:4859: result: yes
configure:4859: checking for wchar.h
configure:4859: gcc -c -g -O2 -ffile-prefix-map=/home/ryanZzz/SRC/realmd-0.17.1=. -fstack-protector-strong -Wformat -Werror=format-security -Wdate-time -D_FORTIFY_SOURCE=2 conftest.c >&5
configure:4859: $? = 0
configure:4859: result: yes
configure:4859: checking for minix/config.h
configure:4859: gcc -c -g -O2 -ffile-prefix-map=/home/ryanZzz/SRC/realmd-0.17.1=. -fstack-protector-strong -Wformat -Werror=format-security -Wdate-time -D_FORTIFY_SOURCE=2 conftest.c >&5
conftest.c:49:10: fatal error: minix/config.h: No such file or directory
   49 | #include <minix/config.h>
      |          ^~~~~~~~~~~~~~~~
compilation terminated.
configure:4859: $? = 1
configure: failed program was:
| /* confdefs.h */
| #define PACKAGE_NAME "realmd"
| #define PACKAGE_TARNAME "realmd"
| #define PACKAGE_VERSION "0.17.1"
| #define PACKAGE_STRING "realmd 0.17.1"
| #define PACKAGE_BUGREPORT "https://gitlab.freedesktop.org/realmd/realmd/-/issues"
| #define PACKAGE_URL ""
| #define PACKAGE "realmd"
| #define VERSION "0.17.1"
| #define HAVE_STDIO_H 1
| #define HAVE_STDLIB_H 1
| #define HAVE_STRING_H 1
| #define HAVE_INTTYPES_H 1
| #define HAVE_STDINT_H 1
| #define HAVE_STRINGS_H 1
| #define HAVE_SYS_STAT_H 1
| #define HAVE_SYS_TYPES_H 1
| #define HAVE_UNISTD_H 1
| #define HAVE_WCHAR_H 1
| /* end confdefs.h.  */
| #include <stddef.h>
| #ifdef HAVE_STDIO_H
| # include <stdio.h>
| #endif
| #ifdef HAVE_STDLIB_H
| # include <stdlib.h>
| #endif
| #ifdef HAVE_STRING_H
| # include <string.h>
| #endif
| #ifdef HAVE_INTTYPES_H
| # include <inttypes.h>
| #endif
| #ifdef HAVE_STDINT_H
| # include <stdint.h>
| #endif
| #ifdef HAVE_STRINGS_H
| # include <strings.h>
| #endif
| #ifdef HAVE_SYS_TYPES_H
| # include <sys/types.h>
| #endif
| #ifdef HAVE_SYS_STAT_H
| # include <sys/stat.h>
| #endif
| #ifdef HAVE_UNISTD_H
| # include <unistd.h>
| #endif
| #include <minix/config.h>
configure:4859: result: no
configure:4890: checking whether it is safe to define __EXTENSIONS__
configure:4909: gcc -c -g -O2 -ffile-prefix-map=/home/ryanZzz/SRC/realmd-0.17.1=. -fstack-protector-strong -Wformat -Werror=format-security -Wdate-time -D_FORTIFY_SOURCE=2 conftest.c >&5
configure:4909: $? = 0
configure:4917: result: yes
configure:4920: checking whether _XOPEN_SOURCE should be defined
configure:4942: gcc -c -g -O2 -ffile-prefix-map=/home/ryanZzz/SRC/realmd-0.17.1=. -fstack-protector-strong -Wformat -Werror=format-security -Wdate-time -D_FORTIFY_SOURCE=2 conftest.c >&5
configure:4942: $? = 0
configure:4969: result: no
configure:5078: checking for gcc
configure:5110: result: gcc
configure:5463: checking for C compiler version
configure:5472: gcc --version >&5
gcc (Deepin 11.2.0-deepin2+rb2) 11.2.0
Copyright (C) 2021 Free Software Foundation, Inc.
This is free software; see the source for copying conditions.  There is NO
warranty; not even for MERCHANTABILITY or FITNESS FOR A PARTICULAR PURPOSE.

configure:5483: $? = 0
configure:5472: gcc -v >&5
Using built-in specs.
COLLECT_GCC=gcc
COLLECT_LTO_WRAPPER=/usr/lib/gcc/x86_64-linux-gnu/11/lto-wrapper
OFFLOAD_TARGET_NAMES=nvptx-none:amdgcn-amdhsa
OFFLOAD_TARGET_DEFAULT=1
Target: x86_64-linux-gnu
Configured with: ../src/configure -v --with-pkgversion='Deepin 11.2.0-deepin2+rb2' --with-bugurl=file:///usr/share/doc/gcc-11/README.Bugs --enable-languages=c,ada,c++,go,brig,d,fortran,objc,obj-c++,m2 --prefix=/usr --with-gcc-major-version-only --program-suffix=-11 --program-prefix=x86_64-linux-gnu- --enable-shared --enable-linker-build-id --libexecdir=/usr/lib --without-included-gettext --enable-threads=posix --libdir=/usr/lib --enable-nls --enable-bootstrap --enable-clocale=gnu --enable-libstdcxx-debug --enable-libstdcxx-time=yes --with-default-libstdcxx-abi=new --enable-gnu-unique-object --disable-vtable-verify --enable-plugin --enable-default-pie --with-system-zlib --enable-libphobos-checking=release --with-target-system-zlib=auto --enable-objc-gc=auto --enable-multiarch --disable-werror --enable-cet --with-arch-32=i686 --with-abi=m64 --with-multilib-list=m32,m64,mx32 --enable-multilib --with-tune=generic --enable-offload-targets=nvptx-none=/usr/src/packages/BUILD/debian/tmp-nvptx/usr,amdgcn-amdhsa=/usr/src/packages/BUILD/debian/tmp-gcn/usr --without-cuda-driver --enable-checking=release --build=x86_64-linux-gnu --host=x86_64-linux-gnu --target=x86_64-linux-gnu --with-build-config=bootstrap-lto-lean --enable-link-serialization=16
Thread model: posix
Supported LTO compression algorithms: zlib zstd
gcc version 11.2.0 (Deepin 11.2.0-deepin2+rb2) 
... rest of stderr output deleted ...
configure:5483: $? = 0
configure:5472: gcc -V >&5
gcc: error: unrecognized command-line option '-V'
gcc: fatal error: no input files
compilation terminated.
configure:5483: $? = 1
configure:5472: gcc -qversion >&5
gcc: error: unrecognized command-line option '-qversion'; did you mean '--version'?
gcc: fatal error: no input files
compilation terminated.
configure:5483: $? = 1
configure:5472: gcc -version >&5
gcc: error: unrecognized command-line option '-version'
gcc: fatal error: no input files
compilation terminated.
configure:5483: $? = 1
configure:5487: checking whether the compiler supports GNU C
configure:5517: result: yes
configure:5528: checking whether gcc accepts -g
configure:5593: result: yes
configure:5613: checking for gcc option to enable C11 features
configure:5646: result: none needed
configure:5762: checking whether gcc understands -c and -o together
configure:5800: result: yes
configure:5819: checking dependency style of gcc
configure:5931: result: none
configure:5951: checking how to run the C preprocessor
configure:5977: gcc -E -Wdate-time -D_FORTIFY_SOURCE=2 conftest.c
In file included from /usr/include/x86_64-linux-gnu/bits/libc-header-start.h:33,
                 from /usr/include/limits.h:26,
                 from /usr/lib/gcc/x86_64-linux-gnu/11/include/limits.h:203,
                 from /usr/lib/gcc/x86_64-linux-gnu/11/include/syslimits.h:7,
                 from /usr/lib/gcc/x86_64-linux-gnu/11/include/limits.h:34,
                 from conftest.c:38:
/usr/include/features.h:412:4: warning: #warning _FORTIFY_SOURCE requires compiling with optimization (-O) [-Wcpp]
  412 | #  warning _FORTIFY_SOURCE requires compiling with optimization (-O)
      |    ^~~~~~~
configure:5977: $? = 0
configure:5992: gcc -E -Wdate-time -D_FORTIFY_SOURCE=2 conftest.c
conftest.c:38:10: fatal error: ac_nonexistent.h: No such file or directory
   38 | #include <ac_nonexistent.h>
      |          ^~~~~~~~~~~~~~~~~~
compilation terminated.
configure:5992: $? = 1
configure: failed program was:
| /* confdefs.h */
| #define PACKAGE_NAME "realmd"
| #define PACKAGE_TARNAME "realmd"
| #define PACKAGE_VERSION "0.17.1"
| #define PACKAGE_STRING "realmd 0.17.1"
| #define PACKAGE_BUGREPORT "https://gitlab.freedesktop.org/realmd/realmd/-/issues"
| #define PACKAGE_URL ""
| #define PACKAGE "realmd"
| #define VERSION "0.17.1"
| #define HAVE_STDIO_H 1
| #define HAVE_STDLIB_H 1
| #define HAVE_STRING_H 1
| #define HAVE_INTTYPES_H 1
| #define HAVE_STDINT_H 1
| #define HAVE_STRINGS_H 1
| #define HAVE_SYS_STAT_H 1
| #define HAVE_SYS_TYPES_H 1
| #define HAVE_UNISTD_H 1
| #define HAVE_WCHAR_H 1
| #define STDC_HEADERS 1
| #define _ALL_SOURCE 1
| #define _DARWIN_C_SOURCE 1
| #define _GNU_SOURCE 1
| #define _HPUX_ALT_XOPEN_SOCKET_API 1
| #define _NETBSD_SOURCE 1
| #define _OPENBSD_SOURCE 1
| #define _POSIX_PTHREAD_SEMANTICS 1
| #define __STDC_WANT_IEC_60559_ATTRIBS_EXT__ 1
| #define __STDC_WANT_IEC_60559_BFP_EXT__ 1
| #define __STDC_WANT_IEC_60559_DFP_EXT__ 1
| #define __STDC_WANT_IEC_60559_FUNCS_EXT__ 1
| #define __STDC_WANT_IEC_60559_TYPES_EXT__ 1
| #define __STDC_WANT_LIB_EXT2__ 1
| #define __STDC_WANT_MATH_SPEC_FUNCS__ 1
| #define _TANDEM_SOURCE 1
| #define __EXTENSIONS__ 1
| /* end confdefs.h.  */
| #include <ac_nonexistent.h>
configure:6019: result: gcc -E
configure:6033: gcc -E -Wdate-time -D_FORTIFY_SOURCE=2 conftest.c
In file included from /usr/include/x86_64-linux-gnu/bits/libc-header-start.h:33,
                 from /usr/include/limits.h:26,
                 from /usr/lib/gcc/x86_64-linux-gnu/11/include/limits.h:203,
                 from /usr/lib/gcc/x86_64-linux-gnu/11/include/syslimits.h:7,
                 from /usr/lib/gcc/x86_64-linux-gnu/11/include/limits.h:34,
                 from conftest.c:38:
/usr/include/features.h:412:4: warning: #warning _FORTIFY_SOURCE requires compiling with optimization (-O) [-Wcpp]
  412 | #  warning _FORTIFY_SOURCE requires compiling with optimization (-O)
      |    ^~~~~~~
configure:6033: $? = 0
configure:6048: gcc -E -Wdate-time -D_FORTIFY_SOURCE=2 conftest.c
conftest.c:38:10: fatal error: ac_nonexistent.h: No such file or directory
   38 | #include <ac_nonexistent.h>
      |          ^~~~~~~~~~~~~~~~~~
compilation terminated.
configure:6048: $? = 1
configure: failed program was:
| /* confdefs.h */
| #define PACKAGE_NAME "realmd"
| #define PACKAGE_TARNAME "realmd"
| #define PACKAGE_VERSION "0.17.1"
| #define PACKAGE_STRING "realmd 0.17.1"
| #define PACKAGE_BUGREPORT "https://gitlab.freedesktop.org/realmd/realmd/-/issues"
| #define PACKAGE_URL ""
| #define PACKAGE "realmd"
| #define VERSION "0.17.1"
| #define HAVE_STDIO_H 1
| #define HAVE_STDLIB_H 1
| #define HAVE_STRING_H 1
| #define HAVE_INTTYPES_H 1
| #define HAVE_STDINT_H 1
| #define HAVE_STRINGS_H 1
| #define HAVE_SYS_STAT_H 1
| #define HAVE_SYS_TYPES_H 1
| #define HAVE_UNISTD_H 1
| #define HAVE_WCHAR_H 1
| #define STDC_HEADERS 1
| #define _ALL_SOURCE 1
| #define _DARWIN_C_SOURCE 1
| #define _GNU_SOURCE 1
| #define _HPUX_ALT_XOPEN_SOCKET_API 1
| #define _NETBSD_SOURCE 1
| #define _OPENBSD_SOURCE 1
| #define _POSIX_PTHREAD_SEMANTICS 1
| #define __STDC_WANT_IEC_60559_ATTRIBS_EXT__ 1
| #define __STDC_WANT_IEC_60559_BFP_EXT__ 1
| #define __STDC_WANT_IEC_60559_DFP_EXT__ 1
| #define __STDC_WANT_IEC_60559_FUNCS_EXT__ 1
| #define __STDC_WANT_IEC_60559_TYPES_EXT__ 1
| #define __STDC_WANT_LIB_EXT2__ 1
| #define __STDC_WANT_MATH_SPEC_FUNCS__ 1
| #define _TANDEM_SOURCE 1
| #define __EXTENSIONS__ 1
| /* end confdefs.h.  */
| #include <ac_nonexistent.h>
configure:6080: checking whether ln -s works
configure:6084: result: yes
configure:6091: checking whether make sets $(MAKE)
configure:6114: result: yes
configure:6171: checking for ranlib
configure:6192: found /usr/bin/ranlib
configure:6203: result: ranlib
configure:6284: checking for pkg-config
configure:6307: found /usr/bin/pkg-config
configure:6319: result: /usr/bin/pkg-config
configure:6344: checking pkg-config is at least version 0.9.0
configure:6347: result: yes
configure:6356: checking for a sed that does not truncate output
configure:6426: result: /usr/bin/sed
configure:6432: checking whether NLS is requested
configure:6442: result: yes
configure:6482: checking for msgfmt
configure: trying /usr/bin/msgfmt...
0 translated messages.
configure:6515: result: /usr/bin/msgfmt
configure:6524: checking for gmsgfmt
configure:6560: result: /usr/bin/msgfmt
configure:6610: checking for xgettext
configure: trying /usr/bin/xgettext...
/usr/bin/xgettext: warning: file '/dev/null' extension '' is unknown; will try C
configure:6643: result: /usr/bin/xgettext
configure:6688: checking for msgmerge
configure: trying /usr/bin/msgmerge...
configure:6720: result: /usr/bin/msgmerge
configure:6759: checking build system type
configure:6774: result: x86_64-pc-linux-gnu
configure:6794: checking host system type
configure:6808: result: x86_64-pc-linux-gnu
configure:6854: checking for ld used by gcc
configure:6922: result: /usr/bin/ld
configure:6929: checking if the linker (/usr/bin/ld) is GNU ld
configure:6945: result: yes
configure:6953: checking for shared library run path origin
configure:6967: result: done
configure:6988: checking for grep that handles long lines and -e
configure:7052: result: /usr/bin/grep
configure:7057: checking for egrep
configure:7125: result: /usr/bin/grep -E
configure:7686: checking for CFPreferencesCopyAppValue
configure:7705: gcc -o conftest -g -O2 -ffile-prefix-map=/home/ryanZzz/SRC/realmd-0.17.1=. -fstack-protector-strong -Wformat -Werror=format-security -Wdate-time -D_FORTIFY_SOURCE=2 -Wl,-z,relro conftest.c  -Wl,-framework -Wl,CoreFoundation >&5
conftest.c:38:10: fatal error: CoreFoundation/CFPreferences.h: No such file or directory
   38 | #include <CoreFoundation/CFPreferences.h>
      |          ^~~~~~~~~~~~~~~~~~~~~~~~~~~~~~~~
compilation terminated.
configure:7705: $? = 1
configure: failed program was:
| /* confdefs.h */
| #define PACKAGE_NAME "realmd"
| #define PACKAGE_TARNAME "realmd"
| #define PACKAGE_VERSION "0.17.1"
| #define PACKAGE_STRING "realmd 0.17.1"
| #define PACKAGE_BUGREPORT "https://gitlab.freedesktop.org/realmd/realmd/-/issues"
| #define PACKAGE_URL ""
| #define PACKAGE "realmd"
| #define VERSION "0.17.1"
| #define HAVE_STDIO_H 1
| #define HAVE_STDLIB_H 1
| #define HAVE_STRING_H 1
| #define HAVE_INTTYPES_H 1
| #define HAVE_STDINT_H 1
| #define HAVE_STRINGS_H 1
| #define HAVE_SYS_STAT_H 1
| #define HAVE_SYS_TYPES_H 1
| #define HAVE_UNISTD_H 1
| #define HAVE_WCHAR_H 1
| #define STDC_HEADERS 1
| #define _ALL_SOURCE 1
| #define _DARWIN_C_SOURCE 1
| #define _GNU_SOURCE 1
| #define _HPUX_ALT_XOPEN_SOCKET_API 1
| #define _NETBSD_SOURCE 1
| #define _OPENBSD_SOURCE 1
| #define _POSIX_PTHREAD_SEMANTICS 1
| #define __STDC_WANT_IEC_60559_ATTRIBS_EXT__ 1
| #define __STDC_WANT_IEC_60559_BFP_EXT__ 1
| #define __STDC_WANT_IEC_60559_DFP_EXT__ 1
| #define __STDC_WANT_IEC_60559_FUNCS_EXT__ 1
| #define __STDC_WANT_IEC_60559_TYPES_EXT__ 1
| #define __STDC_WANT_LIB_EXT2__ 1
| #define __STDC_WANT_MATH_SPEC_FUNCS__ 1
| #define _TANDEM_SOURCE 1
| #define __EXTENSIONS__ 1
| /* end confdefs.h.  */
| #include <CoreFoundation/CFPreferences.h>
| int
| main (void)
| {
| CFPreferencesCopyAppValue(NULL, NULL)
|   ;
|   return 0;
| }
configure:7715: result: no
configure:7722: checking for CFLocaleCopyCurrent
configure:7741: gcc -o conftest -g -O2 -ffile-prefix-map=/home/ryanZzz/SRC/realmd-0.17.1=. -fstack-protector-strong -Wformat -Werror=format-security -Wdate-time -D_FORTIFY_SOURCE=2 -Wl,-z,relro conftest.c  -Wl,-framework -Wl,CoreFoundation >&5
conftest.c:38:10: fatal error: CoreFoundation/CFLocale.h: No such file or directory
   38 | #include <CoreFoundation/CFLocale.h>
      |          ^~~~~~~~~~~~~~~~~~~~~~~~~~~
compilation terminated.
configure:7741: $? = 1
configure: failed program was:
| /* confdefs.h */
| #define PACKAGE_NAME "realmd"
| #define PACKAGE_TARNAME "realmd"
| #define PACKAGE_VERSION "0.17.1"
| #define PACKAGE_STRING "realmd 0.17.1"
| #define PACKAGE_BUGREPORT "https://gitlab.freedesktop.org/realmd/realmd/-/issues"
| #define PACKAGE_URL ""
| #define PACKAGE "realmd"
| #define VERSION "0.17.1"
| #define HAVE_STDIO_H 1
| #define HAVE_STDLIB_H 1
| #define HAVE_STRING_H 1
| #define HAVE_INTTYPES_H 1
| #define HAVE_STDINT_H 1
| #define HAVE_STRINGS_H 1
| #define HAVE_SYS_STAT_H 1
| #define HAVE_SYS_TYPES_H 1
| #define HAVE_UNISTD_H 1
| #define HAVE_WCHAR_H 1
| #define STDC_HEADERS 1
| #define _ALL_SOURCE 1
| #define _DARWIN_C_SOURCE 1
| #define _GNU_SOURCE 1
| #define _HPUX_ALT_XOPEN_SOCKET_API 1
| #define _NETBSD_SOURCE 1
| #define _OPENBSD_SOURCE 1
| #define _POSIX_PTHREAD_SEMANTICS 1
| #define __STDC_WANT_IEC_60559_ATTRIBS_EXT__ 1
| #define __STDC_WANT_IEC_60559_BFP_EXT__ 1
| #define __STDC_WANT_IEC_60559_DFP_EXT__ 1
| #define __STDC_WANT_IEC_60559_FUNCS_EXT__ 1
| #define __STDC_WANT_IEC_60559_TYPES_EXT__ 1
| #define __STDC_WANT_LIB_EXT2__ 1
| #define __STDC_WANT_MATH_SPEC_FUNCS__ 1
| #define _TANDEM_SOURCE 1
| #define __EXTENSIONS__ 1
| /* end confdefs.h.  */
| #include <CoreFoundation/CFLocale.h>
| int
| main (void)
| {
| CFLocaleCopyCurrent();
|   ;
|   return 0;
| }
configure:7751: result: no
configure:7800: checking for GNU gettext in libc
configure:7830: gcc -o conftest -g -O2 -ffile-prefix-map=/home/ryanZzz/SRC/realmd-0.17.1=. -fstack-protector-strong -Wformat -Werror=format-security -Wdate-time -D_FORTIFY_SOURCE=2 -Wl,-z,relro conftest.c  >&5
configure:7830: $? = 0
configure:7840: result: yes
configure:8697: checking whether to use NLS
configure:8699: result: yes
configure:8702: checking where the gettext function comes from
configure:8713: result: libc
configure:8783: checking for glib-2.0 >= 2.36.0
	gio-2.0
	gio-unix-2.0
configure:8794: $PKG_CONFIG --exists --print-errors "glib-2.0 >= $GLIB_REQ
	gio-2.0
	gio-unix-2.0"
configure:8801: $? = 0
configure:8817: $PKG_CONFIG --exists --print-errors "glib-2.0 >= $GLIB_REQ
	gio-2.0
	gio-unix-2.0"
configure:8824: $? = 0
configure:8890: result: yes
configure:8903: checking for polkit-gobject-1
configure:8910: $PKG_CONFIG --exists --print-errors "polkit-gobject-1"
configure:8913: $? = 0
configure:8927: $PKG_CONFIG --exists --print-errors "polkit-gobject-1"
configure:8930: $? = 0
configure:8988: result: yes
configure:8998: checking systemd unit directory
configure:9036: result: /lib/systemd/system
configure:9053: checking for libsystemd
configure:9060: $PKG_CONFIG --exists --print-errors "libsystemd"
configure:9063: $? = 0
configure:9077: $PKG_CONFIG --exists --print-errors "libsystemd"
configure:9080: $? = 0
configure:9298: result: yes
configure:9311: checking for which library has res_query
configure:9329: gcc -o conftest -g -O2 -ffile-prefix-map=/home/ryanZzz/SRC/realmd-0.17.1=. -fstack-protector-strong -Wformat -Werror=format-security -Wdate-time -D_FORTIFY_SOURCE=2 -Wl,-z,relro conftest.c   >&5
configure:9329: $? = 0
configure:9331: result: libc
configure:9407: checking for krb5-config
configure:9430: found /usr/bin/krb5-config
configure:9442: result: /usr/bin/krb5-config
configure:9464: checking for working krb5-config
configure:9469: result: yes
configure:9492: checking for ldap_search in -lldap
configure:9515: gcc -o conftest -g -O2 -ffile-prefix-map=/home/ryanZzz/SRC/realmd-0.17.1=. -fstack-protector-strong -Wformat -Werror=format-security -Wdate-time -D_FORTIFY_SOURCE=2 -Wl,-z,relro conftest.c -lldap    >&5
configure:9515: $? = 0
configure:9525: result: yes
configure:9537: checking for ber_pvt_opt_on in -llber
configure:9560: gcc -o conftest -g -O2 -ffile-prefix-map=/home/ryanZzz/SRC/realmd-0.17.1=. -fstack-protector-strong -Wformat -Werror=format-security -Wdate-time -D_FORTIFY_SOURCE=2 -Wl,-z,relro conftest.c -llber  -lldap   >&5
configure:9560: $? = 0
configure:9570: result: yes
configure:9584: checking for ldap.h
configure:9584: gcc -c -g -O2 -ffile-prefix-map=/home/ryanZzz/SRC/realmd-0.17.1=. -fstack-protector-strong -Wformat -Werror=format-security -Wdate-time -D_FORTIFY_SOURCE=2 conftest.c >&5
configure:9584: $? = 0
configure:9584: result: yes
configure:9599: checking for ldap_init_fd in -lldap
configure:9622: gcc -o conftest -g -O2 -ffile-prefix-map=/home/ryanZzz/SRC/realmd-0.17.1=. -fstack-protector-strong -Wformat -Werror=format-security -Wdate-time -D_FORTIFY_SOURCE=2 -Wl,-z,relro conftest.c -lldap  -llber -lldap   >&5
configure:9622: $? = 0
configure:9632: result: yes
configure:9645: checking for res_query in -lresolv
configure:9668: gcc -o conftest -g -O2 -ffile-prefix-map=/home/ryanZzz/SRC/realmd-0.17.1=. -fstack-protector-strong -Wformat -Werror=format-security -Wdate-time -D_FORTIFY_SOURCE=2 -Wl,-z,relro conftest.c -lresolv  -llber -lldap   >&5
configure:9668: $? = 0
configure:9678: result: yes
configure:9714: checking for net
configure:9737: found /usr/bin/net
configure:9749: result: /usr/bin/net
configure:9765: checking for --debug-stdout option of net
configure:9767: $SAMBA_NET help 2>&1 |grep -- '--debug-stdout' > /dev/null
configure:9770: $? = 1
configure:9778: result: no
configure:9800: checking whether to build documentation
configure:9819: result: yes
configure:9824: checking for xsltproc
configure:9847: found /usr/bin/xsltproc
configure:9860: result: /usr/bin/xsltproc
configure:9874: checking for xmlto
configure:9897: found /usr/bin/xmlto
configure:9910: result: /usr/bin/xmlto
configure:9935: checking whether to build with gcov testing
configure:9945: result: no
configure:10119: checking for debug mode
configure:10150: result: default
configure:10163: checking whether gcc understands -Wmissing-include-dirs
configure:10176: gcc -c -g -O2 -ffile-prefix-map=/home/ryanZzz/SRC/realmd-0.17.1=. -fstack-protector-strong -Wformat -Werror=format-security -g 		-Wall -Wmissing-declarations 		-Wmissing-prototypes -Wnested-externs -Wpointer-arith 		-Wdeclaration-after-statement -Wformat=2 -Winit-self 		-Waggregate-return -Wmissing-format-attribute -Wmissing-include-dirs -Wdate-time -D_FORTIFY_SOURCE=2 conftest.c >&5
configure:10176: $? = 0
configure:10183: result: yes
configure:10163: checking whether gcc understands -Wundef
configure:10176: gcc -c -g -O2 -ffile-prefix-map=/home/ryanZzz/SRC/realmd-0.17.1=. -fstack-protector-strong -Wformat -Werror=format-security -g 		-Wall -Wmissing-declarations 		-Wmissing-prototypes -Wnested-externs -Wpointer-arith 		-Wdeclaration-after-statement -Wformat=2 -Winit-self 		-Waggregate-return -Wmissing-format-attribute -Wmissing-include-dirs -Wundef -Wdate-time -D_FORTIFY_SOURCE=2 conftest.c >&5
configure:10176: $? = 0
configure:10183: result: yes
configure:10191: checking whether optimization is enabled
configure:10207: gcc -c -g -O2 -ffile-prefix-map=/home/ryanZzz/SRC/realmd-0.17.1=. -fstack-protector-strong -Wformat -Werror=format-security -g 		-Wall -Wmissing-declarations 		-Wmissing-prototypes -Wnested-externs -Wpointer-arith 		-Wdeclaration-after-statement -Wformat=2 -Winit-self 		-Waggregate-return -Wmissing-format-attribute -Wmissing-include-dirs -Wundef -Wdate-time -D_FORTIFY_SOURCE=2 conftest.c >&5
configure:10207: $? = 0
configure:10216: result: yes, fortifying source
configure:10231: checking build strict
configure:10244: result: no
configure:10252: checking private directory
configure:10266: result: ${prefix}/lib/realmd
configure:10375: checking that generated files are newer than configure
configure:10381: result: done
configure:10391: checking that generated files are newer than configure
configure:10397: result: done
configure:10432: creating ./config.status

## ---------------------- ##
## Running config.status. ##
## ---------------------- ##

This file was extended by realmd config.status 0.17.1, which was
generated by GNU Autoconf 2.71.  Invocation command line was

  CONFIG_FILES    = 
  CONFIG_HEADERS  = 
  CONFIG_LINKS    = 
  CONFIG_COMMANDS = 
  $ ./config.status 

on ryanZzz-PC

config.status:957: creating Makefile
config.status:957: creating doc/version.xml
config.status:957: creating po/Makefile.in
config.status:957: creating po/Makefile
config.status:957: creating config.h
config.status:1186: executing depfiles commands
config.status:1186: executing po-directories commands

## ---------------- ##
## Cache variables. ##
## ---------------- ##

ac_cv_build=x86_64-pc-linux-gnu
ac_cv_c_compiler_gnu=yes
ac_cv_env_CC_set=
ac_cv_env_CC_value=
ac_cv_env_CFLAGS_set=set
ac_cv_env_CFLAGS_value='-g -O2 -ffile-prefix-map=/home/ryanZzz/SRC/realmd-0.17.1=. -fstack-protector-strong -Wformat -Werror=format-security'
ac_cv_env_CPPFLAGS_set=set
ac_cv_env_CPPFLAGS_value='-Wdate-time -D_FORTIFY_SOURCE=2'
ac_cv_env_CPP_set=
ac_cv_env_CPP_value=
ac_cv_env_GLIB_CFLAGS_set=
ac_cv_env_GLIB_CFLAGS_value=
ac_cv_env_GLIB_LIBS_set=
ac_cv_env_GLIB_LIBS_value=
ac_cv_env_KRB5_CFLAGS_set=
ac_cv_env_KRB5_CFLAGS_value=
ac_cv_env_KRB5_LIBS_set=
ac_cv_env_KRB5_LIBS_value=
ac_cv_env_LDFLAGS_set=set
ac_cv_env_LDFLAGS_value=-Wl,-z,relro
ac_cv_env_LIBS_set=
ac_cv_env_LIBS_value=
ac_cv_env_PKG_CONFIG_LIBDIR_set=
ac_cv_env_PKG_CONFIG_LIBDIR_value=
ac_cv_env_PKG_CONFIG_PATH_set=
ac_cv_env_PKG_CONFIG_PATH_value=
ac_cv_env_PKG_CONFIG_set=
ac_cv_env_PKG_CONFIG_value=
ac_cv_env_POLKIT_CFLAGS_set=
ac_cv_env_POLKIT_CFLAGS_value=
ac_cv_env_POLKIT_LIBS_set=
ac_cv_env_POLKIT_LIBS_value=
ac_cv_env_SYSTEMD_JOURNAL_CFLAGS_set=
ac_cv_env_SYSTEMD_JOURNAL_CFLAGS_value=
ac_cv_env_SYSTEMD_JOURNAL_LIBS_set=
ac_cv_env_SYSTEMD_JOURNAL_LIBS_value=
ac_cv_env_build_alias_set=set
ac_cv_env_build_alias_value=x86_64-linux-gnu
ac_cv_env_host_alias_set=
ac_cv_env_host_alias_value=
ac_cv_env_target_alias_set=
ac_cv_env_target_alias_value=
ac_cv_file__etc_SuSE_release=no
ac_cv_file__etc_debian_version=yes
ac_cv_file__etc_redhat_release=no
ac_cv_header_inttypes_h=yes
ac_cv_header_ldap_h=yes
ac_cv_header_minix_config_h=no
ac_cv_header_stdint_h=yes
ac_cv_header_stdio_h=yes
ac_cv_header_stdlib_h=yes
ac_cv_header_string_h=yes
ac_cv_header_strings_h=yes
ac_cv_header_sys_stat_h=yes
ac_cv_header_sys_types_h=yes
ac_cv_header_unistd_h=yes
ac_cv_header_wchar_h=yes
ac_cv_host=x86_64-pc-linux-gnu
ac_cv_lib_lber_ber_pvt_opt_on=yes
ac_cv_lib_ldap_ldap_init_fd=yes
ac_cv_lib_ldap_ldap_search=yes
ac_cv_lib_resolv_res_query=yes
ac_cv_objext=o
ac_cv_path_EGREP='/usr/bin/grep -E'
ac_cv_path_GMSGFMT=/usr/bin/msgfmt
ac_cv_path_GREP=/usr/bin/grep
ac_cv_path_MSGFMT=/usr/bin/msgfmt
ac_cv_path_MSGMERGE=/usr/bin/msgmerge
ac_cv_path_SAMBA_NET=/usr/bin/net
ac_cv_path_SED=/usr/bin/sed
ac_cv_path_XGETTEXT=/usr/bin/xgettext
ac_cv_path_XMLTO=/usr/bin/xmlto
ac_cv_path_XSLTPROC=/usr/bin/xsltproc
ac_cv_path_ac_pt_KRB5_CONFIG=/usr/bin/krb5-config
ac_cv_path_ac_pt_PKG_CONFIG=/usr/bin/pkg-config
ac_cv_path_install='/usr/bin/install -c'
ac_cv_path_mkdir=/usr/bin/mkdir
ac_cv_prog_AWK=gawk
ac_cv_prog_CPP='gcc -E'
ac_cv_prog_ac_ct_CC=gcc
ac_cv_prog_ac_ct_RANLIB=ranlib
ac_cv_prog_cc_c11=
ac_cv_prog_cc_g=yes
ac_cv_prog_cc_stdc=
ac_cv_prog_make_make_set=yes
ac_cv_safe_to_define___extensions__=yes
ac_cv_should_define__xopen_source=no
acl_cv_hardcode_direct=no
acl_cv_hardcode_libdir_flag_spec='${wl}-rpath ${wl}$libdir'
acl_cv_hardcode_libdir_separator=
acl_cv_hardcode_minus_L=no
acl_cv_libext=a
acl_cv_libname_spec='lib$name'
acl_cv_library_names_spec='$libname$shrext'
acl_cv_path_LD=/usr/bin/ld
acl_cv_prog_gnu_ld=yes
acl_cv_rpath=done
acl_cv_shlibext=so
acl_cv_wl=-Wl,
am_cv_CC_dependencies_compiler_type=none
am_cv_make_support_nested_variables=yes
am_cv_prog_cc_c_o=yes
am_cv_prog_tar_ustar=gnutar
gt_cv_func_CFLocaleCopyCurrent=no
gt_cv_func_CFPreferencesCopyAppValue=no
gt_cv_func_gnugettext1_libc=yes
pkg_cv_GLIB_CFLAGS='-pthread -I/usr/include/gio-unix-2.0 -I/usr/include/libmount -I/usr/include/blkid -I/usr/include/glib-2.0 -I/usr/lib/x86_64-linux-gnu/glib-2.0/include'
pkg_cv_GLIB_LIBS='-lgio-2.0 -lgobject-2.0 -lglib-2.0'
pkg_cv_POLKIT_CFLAGS='-pthread -I/usr/include/polkit-1 -I/usr/include/libmount -I/usr/include/blkid -I/usr/include/glib-2.0 -I/usr/lib/x86_64-linux-gnu/glib-2.0/include'
pkg_cv_POLKIT_LIBS='-lpolkit-gobject-1 -lgio-2.0 -lgobject-2.0 -lglib-2.0'
pkg_cv_SYSTEMD_JOURNAL_CFLAGS=
pkg_cv_SYSTEMD_JOURNAL_LIBS=-lsystemd

## ----------------- ##
## Output variables. ##
## ----------------- ##

ACLOCAL='${SHELL} '\''/home/ryanZzz/SRC/realmd-0.17.1/build/missing'\'' aclocal-1.16'
AMDEPBACKSLASH=''
AMDEP_FALSE=''
AMDEP_TRUE='#'
AMTAR='$${TAR-tar}'
AM_BACKSLASH='\'
AM_DEFAULT_V='$(AM_DEFAULT_VERBOSITY)'
AM_DEFAULT_VERBOSITY='1'
AM_V='$(V)'
AUTOCONF='${SHELL} '\''/home/ryanZzz/SRC/realmd-0.17.1/build/missing'\'' autoconf'
AUTOHEADER='${SHELL} '\''/home/ryanZzz/SRC/realmd-0.17.1/build/missing'\'' autoheader'
AUTOMAKE='${SHELL} '\''/home/ryanZzz/SRC/realmd-0.17.1/build/missing'\'' automake-1.16'
AWK='gawk'
CC='gcc'
CCDEPMODE='depmode=none'
CFLAGS='-g -O2 -ffile-prefix-map=/home/ryanZzz/SRC/realmd-0.17.1=. -fstack-protector-strong -Wformat -Werror=format-security -g 		-Wall -Wmissing-declarations 		-Wmissing-prototypes -Wnested-externs -Wpointer-arith 		-Wdeclaration-after-statement -Wformat=2 -Winit-self 		-Waggregate-return -Wmissing-format-attribute -Wmissing-include-dirs -Wundef -Wp,-D_FORTIFY_SOURCE=2 -Wno-error'
CPP='gcc -E'
CPPFLAGS='-Wdate-time -D_FORTIFY_SOURCE=2'
CSCOPE='cscope'
CTAGS='ctags'
CYGPATH_W='echo'
DBUS_POLICY_DIR='/etc/dbus-1/system.d'
DBUS_SERVICES_DIR='${datarootdir}/dbus-1/system-services'
DEFS='-DHAVE_CONFIG_H'
DEPDIR='.deps'
DISTRO='debian'
ECHO_C=''
ECHO_N='-n'
ECHO_T=''
EGREP='/usr/bin/grep -E'
ENABLE_DOC_FALSE='#'
ENABLE_DOC_TRUE=''
ETAGS='etags'
EXEEXT=''
GCOV=''
GENHTML=''
GETTEXT_MACRO_VERSION='0.19'
GETTEXT_PACKAGE='realmd'
GLIB_CFLAGS='-pthread -I/usr/include/gio-unix-2.0 -I/usr/include/libmount -I/usr/include/blkid -I/usr/include/glib-2.0 -I/usr/lib/x86_64-linux-gnu/glib-2.0/include -DGLIB_VERSION_MIN_REQUIRED=GLIB_VERSION_2_36 -DGLIB_VERSION_MAX_ALLOWED=GLIB_VERSION_2_36'
GLIB_LIBS='-lgio-2.0 -lgobject-2.0 -lglib-2.0'
GMSGFMT='/usr/bin/msgfmt'
GMSGFMT_015='/usr/bin/msgfmt'
GREP='/usr/bin/grep'
INSTALL_DATA='${INSTALL} -m 644'
INSTALL_PROGRAM='${INSTALL}'
INSTALL_SCRIPT='${INSTALL}'
INSTALL_STRIP_PROGRAM='$(install_sh) -c -s'
INTLLIBS=''
INTL_MACOSX_LIBS=''
KRB5_CFLAGS='-isystem /usr/include/mit-krb5'
KRB5_CONFIG='/usr/bin/krb5-config'
KRB5_LIBS='-L/usr/lib/x86_64-linux-gnu/mit-krb5 -Wl,-z,relro -lkrb5 -lk5crypto -lcom_err'
LCOV=''
LDAP_CFLAGS=''
LDAP_LIBS='-lresolv -lldap -llber'
LDFLAGS='-Wl,-z,relro'
LIBICONV='-liconv'
LIBINTL=''
LIBOBJS=''
LIBS='-llber -lldap  '
LN_S='ln -s'
LTLIBICONV='-liconv'
LTLIBINTL=''
LTLIBOBJS=''
MAINT='#'
MAINTAINER_MODE_FALSE=''
MAINTAINER_MODE_TRUE='#'
MAKEINFO='${SHELL} '\''/home/ryanZzz/SRC/realmd-0.17.1/build/missing'\'' makeinfo'
MKDIR_P='/usr/bin/mkdir -p'
MSGFMT='/usr/bin/msgfmt'
MSGFMT_015='/usr/bin/msgfmt'
MSGMERGE='/usr/bin/msgmerge'
OBJEXT='o'
PACKAGE='realmd'
PACKAGE_BUGREPORT='https://gitlab.freedesktop.org/realmd/realmd/-/issues'
PACKAGE_NAME='realmd'
PACKAGE_STRING='realmd 0.17.1'
PACKAGE_TARNAME='realmd'
PACKAGE_URL=''
PACKAGE_VERSION='0.17.1'
PATH_SEPARATOR=':'
PKG_CONFIG='/usr/bin/pkg-config'
PKG_CONFIG_LIBDIR=''
PKG_CONFIG_PATH=''
POLKIT_ACTION_DIR='${datarootdir}/polkit-1/actions'
POLKIT_CFLAGS='-pthread -I/usr/include/polkit-1 -I/usr/include/libmount -I/usr/include/blkid -I/usr/include/glib-2.0 -I/usr/lib/x86_64-linux-gnu/glib-2.0/include'
POLKIT_LIBS='-lpolkit-gobject-1 -lgio-2.0 -lgobject-2.0 -lglib-2.0'
POSUB='po'
RANLIB='ranlib'
SAMBA_NET='/usr/bin/net'
SED='/usr/bin/sed'
SET_MAKE=''
SHELL='/bin/bash'
STRIP=''
SYSTEMD_JOURNAL_CFLAGS=''
SYSTEMD_JOURNAL_LIBS='-lsystemd'
SYSTEMD_UNIT_DIR='/lib/systemd/system'
TEST_MODE='quick'
USE_NLS='yes'
VERSION='0.17.1'
WITH_COVERAGE_FALSE=''
WITH_COVERAGE_TRUE='#'
WITH_SYSTEMD_FALSE='#'
WITH_SYSTEMD_TRUE=''
XGETTEXT='/usr/bin/xgettext'
XGETTEXT_015='/usr/bin/xgettext'
XGETTEXT_EXTRA_OPTIONS=''
XMLTO='/usr/bin/xmlto'
XSLTPROC='/usr/bin/xsltproc'
ac_ct_CC='gcc'
am__EXEEXT_FALSE=''
am__EXEEXT_TRUE='#'
am__fastdepCC_FALSE=''
am__fastdepCC_TRUE='#'
am__include='include'
am__isrc=''
am__leading_dot='.'
am__nodep=''
am__quote=''
am__tar='tar --format=ustar -chf - "$$tardir"'
am__untar='tar -xf -'
bindir='${exec_prefix}/bin'
build='x86_64-pc-linux-gnu'
build_alias='x86_64-linux-gnu'
build_cpu='x86_64'
build_os='linux-gnu'
build_vendor='pc'
cachedir='${localstatedir}/cache/realmd'
datadir='${datarootdir}'
datarootdir='${prefix}/share'
dbus_systemd_service='SystemdService=realmd.service'
docdir='${datarootdir}/doc/${PACKAGE_TARNAME}'
dvidir='${docdir}'
exec_prefix='${prefix}'
host='x86_64-pc-linux-gnu'
host_alias=''
host_cpu='x86_64'
host_os='linux-gnu'
host_vendor='pc'
htmldir='${docdir}'
includedir='${prefix}/include'
infodir='${prefix}/share/info'
install_sh='${SHELL} /home/ryanZzz/SRC/realmd-0.17.1/build/install-sh'
libdir='${prefix}/lib/x86_64-linux-gnu'
libexecdir='${exec_prefix}/libexec'
localedir='${datarootdir}/locale'
localstatedir='/var'
mandir='${prefix}/share/man'
mkdir_p='$(MKDIR_P)'
oldincludedir='/usr/include'
pdfdir='${docdir}'
prefix='/usr'
privatedir='${prefix}/lib/realmd'
program_transform_name='s,x,x,'
psdir='${docdir}'
runstatedir='/run'
sbindir='${exec_prefix}/sbin'
sharedstatedir='${prefix}/com'
sysconfdir='/etc'
target_alias=''

## ----------- ##
## confdefs.h. ##
## ----------- ##

/* confdefs.h */
#define PACKAGE_NAME "realmd"
#define PACKAGE_TARNAME "realmd"
#define PACKAGE_VERSION "0.17.1"
#define PACKAGE_STRING "realmd 0.17.1"
#define PACKAGE_BUGREPORT "https://gitlab.freedesktop.org/realmd/realmd/-/issues"
#define PACKAGE_URL ""
#define PACKAGE "realmd"
#define VERSION "0.17.1"
#define HAVE_STDIO_H 1
#define HAVE_STDLIB_H 1
#define HAVE_STRING_H 1
#define HAVE_INTTYPES_H 1
#define HAVE_STDINT_H 1
#define HAVE_STRINGS_H 1
#define HAVE_SYS_STAT_H 1
#define HAVE_SYS_TYPES_H 1
#define HAVE_UNISTD_H 1
#define HAVE_WCHAR_H 1
#define STDC_HEADERS 1
#define _ALL_SOURCE 1
#define _DARWIN_C_SOURCE 1
#define _GNU_SOURCE 1
#define _HPUX_ALT_XOPEN_SOCKET_API 1
#define _NETBSD_SOURCE 1
#define _OPENBSD_SOURCE 1
#define _POSIX_PTHREAD_SEMANTICS 1
#define __STDC_WANT_IEC_60559_ATTRIBS_EXT__ 1
#define __STDC_WANT_IEC_60559_BFP_EXT__ 1
#define __STDC_WANT_IEC_60559_DFP_EXT__ 1
#define __STDC_WANT_IEC_60559_FUNCS_EXT__ 1
#define __STDC_WANT_IEC_60559_TYPES_EXT__ 1
#define __STDC_WANT_LIB_EXT2__ 1
#define __STDC_WANT_MATH_SPEC_FUNCS__ 1
#define _TANDEM_SOURCE 1
#define __EXTENSIONS__ 1
#define ENABLE_NLS 1
#define HAVE_GETTEXT 1
#define HAVE_DCGETTEXT 1
#define GETTEXT_PACKAGE "realmd"
#define WITH_JOURNAL 1
#define HAVE_LIBLDAP 1
#define HAVE_LIBLBER 1
#define HAVE_LDAP_H 1
#define WITH_DEBUG 1
#define _DEBUG 1

configure: exit 0
